<?xml version="1.0" encoding="UTF-8"?>
<!-- Generated by org.testng.reporters.JUnitReportReporter -->
<testsuite hostname="DESKTOP-SR3L3PC" failures="0" tests="3" name="amazontest.BuyProduct" time="71.306" errors="0" timestamp="2023-09-18T15:47:17 IST" skipped="0">
  <testcase classname="amazontest.BuyProduct" name="openApp" time="4.850"/>
  <system-out/>
  <testcase classname="amazontest.BuyProduct" name="handleCaptcha" time="0.924"/>
  <system-out/>
  <testcase classname="amazontest.BuyProduct" name="buyProduct" time="65.532"/>
  <system-out/>
</testsuite> <!-- amazontest.BuyProduct -->
