<?xml version="1.0" encoding="UTF-8"?>
<!-- Generated by org.testng.reporters.JUnitReportReporter -->
<testsuite hostname="DESKTOP-SR3L3PC" failures="0" tests="2" name="amazontest.AddTocart" time="54.161" errors="0" timestamp="2023-09-18T15:47:17 IST" skipped="0">
  <testcase classname="amazontest.AddTocart" name="openApp" time="14.329"/>
  <system-out/>
  <testcase classname="amazontest.AddTocart" name="addToCart" time="39.832"/>
  <system-out/>
</testsuite> <!-- amazontest.AddTocart -->
